[debug] [2019-04-15T17:37:17.601Z] ----------------------------------------------------------------------
[debug] [2019-04-15T17:37:17.616Z] Command:       C:\Program Files\nodejs\node.exe C:\Users\aesher9o1\AppData\Roaming\npm\node_modules\firebase-tools\lib\bin\firebase.js init
[debug] [2019-04-15T17:37:17.616Z] CLI Version:   6.5.0
[debug] [2019-04-15T17:37:17.616Z] Platform:      win32
[debug] [2019-04-15T17:37:17.616Z] Node Version:  v10.15.0
[debug] [2019-04-15T17:37:17.677Z] Time:          Mon Apr 15 2019 23:07:17 GMT+0530 (India Standard Time)
[debug] [2019-04-15T17:37:17.677Z] ----------------------------------------------------------------------
[debug] 
[debug] [2019-04-15T17:37:17.802Z] > command requires scopes: ["email","openid","https://www.googleapis.com/auth/cloudplatformprojects.readonly","https://www.googleapis.com/auth/firebase","https://www.googleapis.com/auth/cloud-platform"]
[debug] [2019-04-15T17:37:17.804Z] > authorizing via signed-in user
[info] 
     ######## #### ########  ######## ########     ###     ######  ########
     ##        ##  ##     ## ##       ##     ##  ##   ##  ##       ##
     ######    ##  ########  ######   ########  #########  ######  ######
     ##        ##  ##    ##  ##       ##     ## ##     ##       ## ##
     ##       #### ##     ## ######## ########  ##     ##  ######  ########

You're about to initialize a Firebase project in this directory:

  D:\internship2019\MUJEventPlanner

[info] 
=== Project Setup
[info] 
[info] First, let's associate this project directory with a Firebase project.
[info] You can create multiple project aliases by running firebase use --add, 
[info] but for now we'll just set up a default project.
[info] 
[debug] [2019-04-15T17:37:44.682Z] > refreshing access token with scopes: ["email","https://www.googleapis.com/auth/cloud-platform","https://www.googleapis.com/auth/cloudplatformprojects.readonly","https://www.googleapis.com/auth/firebase","openid"]
[debug] [2019-04-15T17:37:44.682Z] >>> HTTP REQUEST POST https://www.googleapis.com/oauth2/v3/token  
 <request body omitted>
[debug] [2019-04-15T17:37:45.030Z] <<< HTTP RESPONSE 200
[debug] [2019-04-15T17:37:45.125Z] >>> HTTP REQUEST GET https://firebase.googleapis.com/v1beta1/projects?page_size=100  
 
[debug] [2019-04-15T17:37:46.949Z] <<< HTTP RESPONSE 200
[info] i  Using project hacx-911d6 (hacX)
[info] 
=== Database Setup
[info] 
[info] Firebase Realtime Database Rules allow you to define how your data should be
[info] structured and when your data can be read from and written to.
[info] 
[debug] [2019-04-15T17:37:55.743Z] >>> HTTP REQUEST GET https://hacx-911d6.firebaseio.com/.settings/rules.json  
 
[debug] [2019-04-15T17:37:57.064Z] <<< HTTP RESPONSE 200
[info] +  Database Rules for hacx-911d6 have been downloaded to database.rules.json.
[info] Future modifications to database.rules.json will update Database Rules when you run
[info] firebase deploy.
[info] 
=== Hosting Setup
[info] 
[info] Your public directory is the folder (relative to your project directory) that
[info] will contain Hosting assets to be uploaded with firebase deploy. If you
[info] have a build process for your assets, use your build's output directory.
[info] 
